 SEEN TYPE REASON OBJECT MESSAGE
 Normal SuccessfulCreate daemonset/static-local-static-provisioner Created pod: static-local-static-provisioner-946rp
 Normal Scheduled pod/static-local-static-provisioner-946rp Successfully assigned rclone/static-local-static-provisioner-946rp to fv-az774-627
 Normal Pulling pod/static-local-static-provisioner-946rp Pulling image "registry.k8s.io/sig-storage/local-volume-provisioner:v2.6.0"
 Normal Pulled pod/static-local-static-provisioner-946rp Successfully pulled image "registry.k8s.io/sig-storage/local-volume-provisioner:v2.6.0" in 1.558s (1.558s including waiting)
 Normal Created pod/static-local-static-provisioner-946rp Created container provisioner
 Normal Started pod/static-local-static-provisioner-946rp Started container provisioner
 Normal SuccessfulCreate daemonset/csi-nodeplugin-rclone Created pod: csi-nodeplugin-rclone-74jr7
 Normal Scheduled pod/csi-nodeplugin-rclone-74jr7 Successfully assigned rclone/csi-nodeplugin-rclone-74jr7 to fv-az774-627
 Normal SuccessfulCreate statefulset/csi-controller-rclone create Pod csi-controller-rclone-0 in StatefulSet csi-controller-rclone successful
 Normal Scheduled pod/csi-controller-rclone-0 Successfully assigned rclone/csi-controller-rclone-0 to fv-az774-627
 Normal Pulling pod/csi-nodeplugin-rclone-74jr7 Pulling image "k8s.gcr.io/sig-storage/csi-node-driver-registrar:v2.4.0"
 Normal Pulling pod/csi-controller-rclone-0 Pulling image "k8s.gcr.io/sig-storage/csi-attacher:v3.4.0"
 Normal Pulled pod/csi-nodeplugin-rclone-74jr7 Successfully pulled image "k8s.gcr.io/sig-storage/csi-node-driver-registrar:v2.4.0" in 673ms (673ms including waiting)
 Normal Created pod/csi-nodeplugin-rclone-74jr7 Created container node-driver-registrar
 Normal Started pod/csi-nodeplugin-rclone-74jr7 Started container node-driver-registrar
 Normal Pulling pod/csi-nodeplugin-rclone-74jr7 Pulling image "wunderio/csi-rclone:v1.3.0"
 Normal Pulled pod/csi-controller-rclone-0 Successfully pulled image "k8s.gcr.io/sig-storage/csi-attacher:v3.4.0" in 856ms (856ms including waiting)
 Normal Created pod/csi-controller-rclone-0 Created container csi-attacher
 Normal Started pod/csi-controller-rclone-0 Started container csi-attacher
 Normal Pulling pod/csi-controller-rclone-0 Pulling image "wunderio/csi-rclone:v1.3.0"
 Normal Pulled pod/csi-nodeplugin-rclone-74jr7 Successfully pulled image "wunderio/csi-rclone:v1.3.0" in 1.419s (1.419s including waiting)
 Normal Pulled pod/csi-controller-rclone-0 Successfully pulled image "wunderio/csi-rclone:v1.3.0" in 1.051s (1.051s including waiting)
 Normal Created pod/csi-nodeplugin-rclone-74jr7 Created container rclone
 Normal Created pod/csi-controller-rclone-0 Created container rclone
 Normal Started pod/csi-nodeplugin-rclone-74jr7 Started container rclone
 Normal Started pod/csi-controller-rclone-0 Started container rclone
 Normal LeaderElection lease/external-attacher-leader-csi-rclone csi-controller-rclone-0 became leader
 Warning ProvisioningFailed persistentvolumeclaim/data-rclone no volume plugin matched name: kubernetes.io/no-provisioner
 Warning FailedScheduling pod/package-file 0/1 nodes are available: pod has unbound immediate PersistentVolumeClaims. preemption: 0/1 nodes are available: 1 Preemption is not helpful for scheduling.
 Warning FailedScheduling pod/package-file 0/1 nodes are available: pod has unbound immediate PersistentVolumeClaims. preemption: 0/1 nodes are available: 1 Preemption is not helpful for scheduling.
 Normal Scheduled pod/package-file Successfully assigned rclone/package-file to fv-az774-627
 Normal SuccessfulAttachVolume pod/package-file AttachVolume.Attach succeeded for volume "data-rclone"
 Normal Pulling pod/package-file Pulling image "ghcr.io/bioconductor/bioconductor:devel"
 Normal Pulled pod/package-file Successfully pulled image "ghcr.io/bioconductor/bioconductor:devel" in 39.338s (39.338s including waiting)
 Normal Created pod/package-file Created container copy-packages
 Normal Started pod/package-file Started container copy-packages
 Normal Pulled pod/package-file Container image "ghcr.io/bioconductor/bioconductor:devel" already present on machine
 Normal Created pod/package-file Created container sleep
 Normal Started pod/package-file Started container sleep
